#
# A fatal error has been detected by the Java Runtime Environment:
#
#  SIGSEGV (0xb) at pc=0x0000000106692fbc, pid=3494, tid=21763
#
# JRE version: Java(TM) SE Runtime Environment (8.0_73-b02) (build 1.8.0_73-b02)
# Java VM: Java HotSpot(TM) 64-Bit Server VM (25.73-b02 mixed mode bsd-amd64 compressed oops)
# Problematic frame:
# V  [libjvm.dylib+0x292fbc]  GraphKit::record_profiled_parameters_for_speculation()+0x68
#
# Failed to write core dump. Core dumps have been disabled. To enable core dumping, try "ulimit -c unlimited" before starting Java again
#
# If you would like to submit a bug report, please visit:
#   http://bugreport.java.com/bugreport/crash.jsp
#

---------------  T H R E A D  ---------------

Current thread (0x00007fceda891000):  JavaThread "C2 CompilerThread2" daemon [_thread_in_native, id=21763, stack(0x0000700001456000,0x0000700001556000)]

siginfo: si_signo: 11 (SIGSEGV), si_code: 1 (SEGV_MAPERR), si_addr: 0x0000000000000010

Registers:
RAX=0x0000000000000000, RBX=0x00007000015533e0, RCX=0x0000000000001ef5, RDX=0x00007fcedd32b2c0
RSP=0x0000700001553330, RBP=0x0000700001553350, RSI=0x0000000000000000, RDI=0x00007fcedd866870
R8 =0x0000000000000001, R9 =0x0000000000000000, R10=0x00007fcedd1147a0, R11=0x0000000000000000
R12=0x0000000000000001, R13=0x00007fcee4ad3ca8, R14=0x0000000000000001, R15=0x0000000000000001
RIP=0x0000000106692fbc, EFLAGS=0x0000000000010206, ERR=0x0000000000000004
  TRAPNO=0x000000000000000e

Top of Stack: (sp=0x0000700001553330)
0x0000700001553330:   00007000015533e0 0000000000000000
0x0000700001553340:   00007000015544d0 00007000015533e0
0x0000700001553350:   0000700001553380 0000000106898b71
0x0000700001553360:   0000000000000000 00007fcee4ad3ca8
0x0000700001553370:   00007fcedd32b270 00007000015544d0
0x0000700001553380:   00007000015533d0 000000010689b2d2
0x0000700001553390:   00007000015533c0 0000000000000000
0x00007000015533a0:   0000000000000000 00007fcee5a57960
0x00007000015533b0:   00007fcedd113f90 00007fcee4ad3ca8
0x00007000015533c0:   00007fcedd113f90 0000700001554f88
0x00007000015533d0:   0000700001553550 000000010655001a
0x00007000015533e0:   0000000106c27c10 00007fce00000001
0x00007000015533f0:   0000700001554f88 0000700001555a90
0x0000700001553400:   00007000015544d0 00007fcedd32b270
0x0000700001553410:   0000000000000000 00007fceffffffff
0x0000700001553420:   00007fcedd866870 0000000100000000
0x0000700001553430:   00007fcee5a57960 3f2f773a43c30000
0x0000700001553440:   00007fce00000005 00007fcee53b0b18
0x0000700001553450:   00007000ffffffff 00007fcedba07250
0x0000700001553460:   00007fcedd113fc0 000001d500000011
0x0000700001553470:   0000000106c21460 00007fce00000001
0x0000700001553480:   0000700001554f88 0000700001555a90
0x0000700001553490:   00007000015544d0 00007fcedd32af48
0x00007000015534a0:   0000000000000000 00007fce00000066
0x00007000015534b0:   00007fcedd19d530 00007fce00000000
0x00007000015534c0:   0000700000000000 0000000000000000
0x00007000015534d0:   0000000000000000 00007fcedd866870
0x00007000015534e0:   00007fcedd19e970 0000000000000000
0x00007000015534f0:   0000000000000000 0000700001553760
0x0000700001553500:   00007fcedda9a0f0 00007fcedda9a148
0x0000700001553510:   00007fcedda9a0f0 0000000106692e99
0x0000700001553520:   0000000100000001 0000700001553760 

Instructions: (pc=0x0000000106692fbc)
0x0000000106692f9c:   8b 4b 28 48 8b 51 08 48 8b 49 38 8b 49 0c 44 01
0x0000000106692fac:   f9 48 8b 0c ca 8b 49 28 48 8b 40 48 48 8b 04 c8
0x0000000106692fbc:   8b 48 10 83 c1 f0 45 8d 67 01 83 f9 02 77 34 48
0x0000000106692fcc:   85 c0 74 2f 44 89 f6 e8 48 9e ed ff 48 85 c0 74 

Register to memory mapping:

RAX=0x0000000000000000 is an unknown value
RBX=0x00007000015533e0 is pointing into the stack for thread: 0x00007fceda891000
RCX=0x0000000000001ef5 is an unknown value
RDX=0x00007fcedd32b2c0 is an unknown value
RSP=0x0000700001553330 is pointing into the stack for thread: 0x00007fceda891000
RBP=0x0000700001553350 is pointing into the stack for thread: 0x00007fceda891000
RSI=0x0000000000000000 is an unknown value
RDI=0x00007fcedd866870 is an unknown value
R8 =0x0000000000000001 is an unknown value
R9 =0x0000000000000000 is an unknown value
R10=0x00007fcedd1147a0 is an unknown value
R11=0x0000000000000000 is an unknown value
R12=0x0000000000000001 is an unknown value
R13=0x00007fcee4ad3ca8 is an unknown value
R14=0x0000000000000001 is an unknown value
R15=0x0000000000000001 is an unknown value


Stack: [0x0000700001456000,0x0000700001556000],  sp=0x0000700001553330,  free space=1012k
Native frames: (J=compiled Java code, j=interpreted, Vv=VM code, C=native code)
V  [libjvm.dylib+0x292fbc]  GraphKit::record_profiled_parameters_for_speculation()+0x68
V  [libjvm.dylib+0x498b71]  Parse::do_method_entry()+0xe5
V  [libjvm.dylib+0x49b2d2]  Parse::Parse(JVMState*, ciMethod*, float)+0x4a4
V  [libjvm.dylib+0x15001a]  ParseGenerator::generate(JVMState*)+0x64
V  [libjvm.dylib+0x236c0d]  Parse::do_call()+0x2cb
V  [libjvm.dylib+0x4a3370]  Parse::do_one_bytecode()+0x4884
V  [libjvm.dylib+0x4994d9]  Parse::do_one_block()+0xc1
V  [libjvm.dylib+0x4997dd]  Parse::do_all_blocks()+0x271
V  [libjvm.dylib+0x49b3ab]  Parse::Parse(JVMState*, ciMethod*, float)+0x57d
V  [libjvm.dylib+0x15001a]  ParseGenerator::generate(JVMState*)+0x64
V  [libjvm.dylib+0x236c0d]  Parse::do_call()+0x2cb
V  [libjvm.dylib+0x4a3370]  Parse::do_one_bytecode()+0x4884
V  [libjvm.dylib+0x4994d9]  Parse::do_one_block()+0xc1
V  [libjvm.dylib+0x4997dd]  Parse::do_all_blocks()+0x271
V  [libjvm.dylib+0x49b3ab]  Parse::Parse(JVMState*, ciMethod*, float)+0x57d
V  [libjvm.dylib+0x15001a]  ParseGenerator::generate(JVMState*)+0x64
V  [libjvm.dylib+0x236c0d]  Parse::do_call()+0x2cb
V  [libjvm.dylib+0x4a3370]  Parse::do_one_bytecode()+0x4884
V  [libjvm.dylib+0x4994d9]  Parse::do_one_block()+0xc1
V  [libjvm.dylib+0x4997dd]  Parse::do_all_blocks()+0x271
V  [libjvm.dylib+0x49b3ab]  Parse::Parse(JVMState*, ciMethod*, float)+0x57d
V  [libjvm.dylib+0x15001a]  ParseGenerator::generate(JVMState*)+0x64
V  [libjvm.dylib+0x236c0d]  Parse::do_call()+0x2cb
V  [libjvm.dylib+0x4a3370]  Parse::do_one_bytecode()+0x4884
V  [libjvm.dylib+0x4994d9]  Parse::do_one_block()+0xc1
V  [libjvm.dylib+0x4997dd]  Parse::do_all_blocks()+0x271
V  [libjvm.dylib+0x49b3ab]  Parse::Parse(JVMState*, ciMethod*, float)+0x57d
V  [libjvm.dylib+0x15001a]  ParseGenerator::generate(JVMState*)+0x64
V  [libjvm.dylib+0x1b1a0d]  Compile::Compile(ciEnv*, C2Compiler*, ciMethod*, int, bool, bool, bool)+0x6c9
V  [libjvm.dylib+0x14f93e]  C2Compiler::compile_method(ciEnv*, ciMethod*, int)+0xac
V  [libjvm.dylib+0x1b529a]  CompileBroker::invoke_compiler_on_method(CompileTask*)+0x5b2
V  [libjvm.dylib+0x1b77e1]  CompileBroker::compiler_thread_loop()+0x291
V  [libjvm.dylib+0x561753]  JavaThread::thread_main_inner()+0x9b
V  [libjvm.dylib+0x562e4e]  JavaThread::run()+0x1c2
V  [libjvm.dylib+0x4838a2]  java_start(Thread*)+0xf6
C  [libsystem_pthread.dylib+0x3c13]  _pthread_body+0x83
C  [libsystem_pthread.dylib+0x3b90]  _pthread_body+0x0
C  [libsystem_pthread.dylib+0x1375]  thread_start+0xd
C  0x0000000000000000


Current CompileTask:
C2:  51090 4723   !   4       sun.awt.PostEventQueue::flush (168 bytes)


---------------  P R O C E S S  ---------------

Java Threads: ( => current thread )
  0x00007fcee51ef000 JavaThread "Image Fetcher 0" daemon [_thread_blocked, id=42767, stack(0x00007000029a1000,0x0000700002aa1000)]
  0x00007fcee5503000 JavaThread "process reaper" daemon [_thread_blocked, id=77571, stack(0x0000700001bf4000,0x0000700001c1c000)]
  0x00007fcedad3b800 JavaThread "Keep-Alive-Timer" daemon [_thread_blocked, id=77059, stack(0x0000700002dad000,0x0000700002ead000)]
  0x00007fcee5a4f800 JavaThread "Thread-10" daemon [_thread_blocked, id=76555, stack(0x0000700002caa000,0x0000700002daa000)]
  0x00007fcee426a000 JavaThread "Timer-1" [_thread_blocked, id=73775, stack(0x000070000289e000,0x000070000299e000)]
  0x00007fcee42a1800 JavaThread "Timer-0" [_thread_blocked, id=74255, stack(0x0000700002615000,0x0000700002715000)]
  0x00007fcee50db800 JavaThread "TimerQueue" daemon [_thread_blocked, id=70795, stack(0x000070000279b000,0x000070000289b000)]
  0x00007fcedc0c6000 JavaThread "C3P0PooledConnectionPoolManager[identityToken->1hge1449i1o0zicur2iuea|300d86bf]-HelperThread-#2" daemon [_thread_blocked, id=63235, stack(0x0000700002512000,0x0000700002612000)]
  0x00007fcedc0c5800 JavaThread "C3P0PooledConnectionPoolManager[identityToken->1hge1449i1o0zicur2iuea|300d86bf]-HelperThread-#1" daemon [_thread_blocked, id=62723, stack(0x000070000240f000,0x000070000250f000)]
  0x00007fcee2da5800 JavaThread "C3P0PooledConnectionPoolManager[identityToken->1hge1449i1o0zicur2iuea|300d86bf]-HelperThread-#0" daemon [_thread_blocked, id=62211, stack(0x000070000230c000,0x000070000240c000)]
  0x00007fcede9fd800 JavaThread "C3P0PooledConnectionPoolManager[identityToken->1hge1449i1o0zicur2iuea|300d86bf]-AdminTaskTimer" daemon [_thread_blocked, id=61963, stack(0x0000700002209000,0x0000700002309000)]
  0x00007fcede2fc000 JavaThread "Abandoned connection cleanup thread" daemon [_thread_blocked, id=60435, stack(0x0000700002106000,0x0000700002206000)]
  0x00007fcedd91f000 JavaThread "org.netbeans.modules.debugger.jpda.visual AWT Access Loop" daemon [_thread_blocked, id=59651, stack(0x0000700002003000,0x0000700002103000)]
  0x00007fcede154800 JavaThread "DestroyJavaVM" [_thread_blocked, id=5891, stack(0x000070000011a000,0x000070000021a000)]
  0x00007fcedd299800 JavaThread "AWT-EventQueue-0" [_thread_blocked, id=59139, stack(0x0000700001f00000,0x0000700002000000)]
  0x00007fcedabd5800 JavaThread "Java2D Disposer" daemon [_thread_blocked, id=58631, stack(0x0000700001dfd000,0x0000700001efd000)]
  0x00007fcedabc6800 JavaThread "Java2D Queue Flusher" daemon [_thread_in_native, id=54535, stack(0x0000700001cfa000,0x0000700001dfa000)]
  0x00007fcede0cd800 JavaThread "AWT-Shutdown" [_thread_blocked, id=33299, stack(0x0000700001968000,0x0000700001a68000)]
  0x00007fcedd8c8000 JavaThread "AppKit Thread" daemon [_thread_blocked, id=2571, stack(0x00007fff5a3d2000,0x00007fff5abd2000)]
  0x00007fcedd831000 JavaThread "Service Thread" daemon [_thread_blocked, id=22787, stack(0x000070000165c000,0x000070000175c000)]
  0x00007fcede008000 JavaThread "C1 CompilerThread3" daemon [_thread_blocked, id=22275, stack(0x0000700001559000,0x0000700001659000)]
=>0x00007fceda891000 JavaThread "C2 CompilerThread2" daemon [_thread_in_native, id=21763, stack(0x0000700001456000,0x0000700001556000)]
  0x00007fcedd019000 JavaThread "C2 CompilerThread1" daemon [_thread_blocked, id=21251, stack(0x0000700001353000,0x0000700001453000)]
  0x00007fcedd017000 JavaThread "C2 CompilerThread0" daemon [_thread_blocked, id=20739, stack(0x0000700001250000,0x0000700001350000)]
  0x00007fceda85a800 JavaThread "JDWP Command Reader" daemon [_thread_in_native, id=20227, stack(0x000070000114d000,0x000070000124d000)]
  0x00007fceda857800 JavaThread "JDWP Event Helper Thread" daemon [_thread_blocked, id=19715, stack(0x000070000104a000,0x000070000114a000)]
  0x00007fcede002000 JavaThread "JDWP Transport Listener: dt_socket" daemon [_thread_blocked, id=19203, stack(0x0000700000f47000,0x0000700001047000)]
  0x00007fcedd825000 JavaThread "Signal Dispatcher" daemon [_thread_blocked, id=15887, stack(0x0000700000e44000,0x0000700000f44000)]
  0x00007fcedd00d000 JavaThread "Finalizer" daemon [_thread_blocked, id=14339, stack(0x0000700000c3b000,0x0000700000d3b000)]
  0x00007fcedd00c800 JavaThread "Reference Handler" daemon [_thread_blocked, id=13827, stack(0x0000700000b38000,0x0000700000c38000)]

Other Threads:
  0x00007fceda87f000 VMThread [stack: 0x0000700000a35000,0x0000700000b35000] [id=13315]
  0x00007fcedd019800 WatcherThread [stack: 0x000070000175f000,0x000070000185f000] [id=23299]

VM state:not at safepoint (normal execution)

VM Mutex/Monitor currently owned by a thread: None

Heap:
 PSYoungGen      total 129536K, used 74424K [0x000000076ab00000, 0x0000000774180000, 0x00000007c0000000)
  eden space 119296K, 53% used [0x000000076ab00000,0x000000076e9b3a58,0x0000000771f80000)
  from space 10240K, 99% used [0x0000000773080000,0x0000000773a7a830,0x0000000773a80000)
  to   space 17408K, 0% used [0x0000000771f80000,0x0000000771f80000,0x0000000773080000)
 ParOldGen       total 183808K, used 22860K [0x00000006c0000000, 0x00000006cb380000, 0x000000076ab00000)
  object space 183808K, 12% used [0x00000006c0000000,0x00000006c1653198,0x00000006cb380000)
 Metaspace       used 54797K, capacity 55150K, committed 55512K, reserved 1097728K
  class space    used 6818K, capacity 6905K, committed 6912K, reserved 1048576K

Card table byte_map: [0x000000011674d000,0x0000000116f4e000] byte_map_base: 0x000000011314d000

Marking Bits: (ParMarkBitMap*) 0x0000000106ce3ea0
 Begin Bits: [0x00000001174a4000, 0x000000011b4a4000)
 End Bits:   [0x000000011b4a4000, 0x000000011f4a4000)

Polling page: 0x00000001052f1000

CodeCache: size=245760Kb used=14152Kb max_used=14159Kb free=231608Kb
 bounds [0x000000010738d000, 0x000000010817d000, 0x000000011638d000]
 total_blobs=4892 nmethods=4130 adapters=680
 compilation: enabled

Compilation events (10 events):
Event: 51.063 Thread 0x00007fcede008000 nmethod 4735 0x0000000108166950 code [0x0000000108166ac0, 0x0000000108166c70]
Event: 51.063 Thread 0x00007fcede008000 4734       3       sun.awt.geom.Order1::getYTop (5 bytes)
Event: 51.063 Thread 0x00007fcede008000 nmethod 4734 0x0000000108163a50 code [0x0000000108163ba0, 0x0000000108163cf0]
Event: 51.063 Thread 0x00007fcede008000 4737       3       sun.awt.NullComponentPeer::setBackground (1 bytes)
Event: 51.063 Thread 0x00007fcede008000 nmethod 4737 0x0000000108163750 code [0x00000001081638a0, 0x00000001081639f0]
Event: 51.063 Thread 0x00007fcedd019000 nmethod 4736 0x0000000108157910 code [0x0000000108157a60, 0x0000000108157ad8]
Event: 51.063 Thread 0x00007fcede008000 4738       1       java.awt.Rectangle::getX (6 bytes)
Event: 51.063 Thread 0x00007fcede008000 nmethod 4738 0x000000010815b050 code [0x000000010815b1a0, 0x000000010815b2b0]
Event: 51.063 Thread 0x00007fcede008000 4739       1       java.awt.Rectangle::getY (6 bytes)
Event: 51.063 Thread 0x00007fcede008000 nmethod 4739 0x0000000108163490 code [0x00000001081635e0, 0x00000001081636f0]

GC Heap History (10 events):
Event: 1.439 GC heap before
{Heap before GC invocations=4 (full 1):
 PSYoungGen      total 76288K, used 65536K [0x000000076ab00000, 0x0000000774000000, 0x00000007c0000000)
  eden space 65536K, 100% used [0x000000076ab00000,0x000000076eb00000,0x000000076eb00000)
  from space 10752K, 0% used [0x000000076f580000,0x000000076f580000,0x0000000770000000)
  to   space 10752K, 0% used [0x000000076eb00000,0x000000076eb00000,0x000000076f580000)
 ParOldGen       total 111104K, used 6489K [0x00000006c0000000, 0x00000006c6c80000, 0x000000076ab00000)
  object space 111104K, 5% used [0x00000006c0000000,0x00000006c06567f0,0x00000006c6c80000)
 Metaspace       used 23040K, capacity 23226K, committed 23552K, reserved 1069056K
  class space    used 2993K, capacity 3043K, committed 3072K, reserved 1048576K
Event: 1.442 GC heap after
Heap after GC invocations=4 (full 1):
 PSYoungGen      total 76288K, used 3015K [0x000000076ab00000, 0x0000000771980000, 0x00000007c0000000)
  eden space 65536K, 0% used [0x000000076ab00000,0x000000076ab00000,0x000000076eb00000)
  from space 10752K, 28% used [0x000000076eb00000,0x000000076edf1f30,0x000000076f580000)
  to   space 10752K, 0% used [0x0000000770f00000,0x0000000770f00000,0x0000000771980000)
 ParOldGen       total 111104K, used 6497K [0x00000006c0000000, 0x00000006c6c80000, 0x000000076ab00000)
  object space 111104K, 5% used [0x00000006c0000000,0x00000006c06587f0,0x00000006c6c80000)
 Metaspace       used 23040K, capacity 23226K, committed 23552K, reserved 1069056K
  class space    used 2993K, capacity 3043K, committed 3072K, reserved 1048576K
}
Event: 1.998 GC heap before
{Heap before GC invocations=5 (full 1):
 PSYoungGen      total 76288K, used 68551K [0x000000076ab00000, 0x0000000771980000, 0x00000007c0000000)
  eden space 65536K, 100% used [0x000000076ab00000,0x000000076eb00000,0x000000076eb00000)
  from space 10752K, 28% used [0x000000076eb00000,0x000000076edf1f30,0x000000076f580000)
  to   space 10752K, 0% used [0x0000000770f00000,0x0000000770f00000,0x0000000771980000)
 ParOldGen       total 111104K, used 6497K [0x00000006c0000000, 0x00000006c6c80000, 0x000000076ab00000)
  object space 111104K, 5% used [0x00000006c0000000,0x00000006c06587f0,0x00000006c6c80000)
 Metaspace       used 28780K, capacity 28998K, committed 29184K, reserved 1075200K
  class space    used 3724K, capacity 3813K, committed 3840K, reserved 1048576K
Event: 2.003 GC heap after
Heap after GC invocations=5 (full 1):
 PSYoungGen      total 100352K, used 6087K [0x000000076ab00000, 0x0000000771880000, 0x00000007c0000000)
  eden space 90624K, 0% used [0x000000076ab00000,0x000000076ab00000,0x0000000770380000)
  from space 9728K, 62% used [0x0000000770f00000,0x00000007714f1f48,0x0000000771880000)
  to   space 10752K, 0% used [0x0000000770380000,0x0000000770380000,0x0000000770e00000)
 ParOldGen       total 111104K, used 6505K [0x00000006c0000000, 0x00000006c6c80000, 0x000000076ab00000)
  object space 111104K, 5% used [0x00000006c0000000,0x00000006c065a7f0,0x00000006c6c80000)
 Metaspace       used 28780K, capacity 28998K, committed 29184K, reserved 1075200K
  class space    used 3724K, capacity 3813K, committed 3840K, reserved 1048576K
}
Event: 2.568 GC heap before
{Heap before GC invocations=6 (full 1):
 PSYoungGen      total 100352K, used 83873K [0x000000076ab00000, 0x0000000771880000, 0x00000007c0000000)
  eden space 90624K, 85% used [0x000000076ab00000,0x000000076f6f68a0,0x0000000770380000)
  from space 9728K, 62% used [0x0000000770f00000,0x00000007714f1f48,0x0000000771880000)
  to   space 10752K, 0% used [0x0000000770380000,0x0000000770380000,0x0000000770e00000)
 ParOldGen       total 111104K, used 6505K [0x00000006c0000000, 0x00000006c6c80000, 0x000000076ab00000)
  object space 111104K, 5% used [0x00000006c0000000,0x00000006c065a7f0,0x00000006c6c80000)
 Metaspace       used 34969K, capacity 35166K, committed 35416K, reserved 1079296K
  class space    used 4588K, capacity 4649K, committed 4736K, reserved 1048576K
Event: 2.576 GC heap after
Heap after GC invocations=6 (full 1):
 PSYoungGen      total 101376K, used 9717K [0x000000076ab00000, 0x0000000773a80000, 0x00000007c0000000)
  eden space 90624K, 0% used [0x000000076ab00000,0x000000076ab00000,0x0000000770380000)
  from space 10752K, 90% used [0x0000000770380000,0x0000000770cfd4c8,0x0000000770e00000)
  to   space 10240K, 0% used [0x0000000773080000,0x0000000773080000,0x0000000773a80000)
 ParOldGen       total 111104K, used 6513K [0x00000006c0000000, 0x00000006c6c80000, 0x000000076ab00000)
  object space 111104K, 5% used [0x00000006c0000000,0x00000006c065c7f0,0x00000006c6c80000)
 Metaspace       used 34969K, capacity 35166K, committed 35416K, reserved 1079296K
  class space    used 4588K, capacity 4649K, committed 4736K, reserved 1048576K
}
Event: 2.576 GC heap before
{Heap before GC invocations=7 (full 2):
 PSYoungGen      total 101376K, used 9717K [0x000000076ab00000, 0x0000000773a80000, 0x00000007c0000000)
  eden space 90624K, 0% used [0x000000076ab00000,0x000000076ab00000,0x0000000770380000)
  from space 10752K, 90% used [0x0000000770380000,0x0000000770cfd4c8,0x0000000770e00000)
  to   space 10240K, 0% used [0x0000000773080000,0x0000000773080000,0x0000000773a80000)
 ParOldGen       total 111104K, used 6513K [0x00000006c0000000, 0x00000006c6c80000, 0x000000076ab00000)
  object space 111104K, 5% used [0x00000006c0000000,0x00000006c065c7f0,0x00000006c6c80000)
 Metaspace       used 34969K, capacity 35166K, committed 35416K, reserved 1079296K
  class space    used 4588K, capacity 4649K, committed 4736K, reserved 1048576K
Event: 2.606 GC heap after
Heap after GC invocations=7 (full 2):
 PSYoungGen      total 101376K, used 0K [0x000000076ab00000, 0x0000000773a80000, 0x00000007c0000000)
  eden space 90624K, 0% used [0x000000076ab00000,0x000000076ab00000,0x0000000770380000)
  from space 10752K, 0% used [0x0000000770380000,0x0000000770380000,0x0000000770e00000)
  to   space 10240K, 0% used [0x0000000773080000,0x0000000773080000,0x0000000773a80000)
 ParOldGen       total 183808K, used 13614K [0x00000006c0000000, 0x00000006cb380000, 0x000000076ab00000)
  object space 183808K, 7% used [0x00000006c0000000,0x00000006c0d4b860,0x00000006cb380000)
 Metaspace       used 34969K, capacity 35166K, committed 35416K, reserved 1079296K
  class space    used 4588K, capacity 4649K, committed 4736K, reserved 1048576K
}
Event: 38.434 GC heap before
{Heap before GC invocations=8 (full 2):
 PSYoungGen      total 101376K, used 90568K [0x000000076ab00000, 0x0000000773a80000, 0x00000007c0000000)
  eden space 90624K, 99% used [0x000000076ab00000,0x0000000770372088,0x0000000770380000)
  from space 10752K, 0% used [0x0000000770380000,0x0000000770380000,0x0000000770e00000)
  to   space 10240K, 0% used [0x0000000773080000,0x0000000773080000,0x0000000773a80000)
 ParOldGen       total 183808K, used 13614K [0x00000006c0000000, 0x00000006cb380000, 0x000000076ab00000)
  object space 183808K, 7% used [0x00000006c0000000,0x00000006c0d4b860,0x00000006cb380000)
 Metaspace       used 54325K, capacity 54734K, committed 55000K, reserved 1097728K
  class space    used 6780K, capacity 6873K, committed 6912K, reserved 1048576K
Event: 38.445 GC heap after
Heap after GC invocations=8 (full 2):
 PSYoungGen      total 129536K, used 10218K [0x000000076ab00000, 0x0000000774180000, 0x00000007c0000000)
  eden space 119296K, 0% used [0x000000076ab00000,0x000000076ab00000,0x0000000771f80000)
  from space 10240K, 99% used [0x0000000773080000,0x0000000773a7a830,0x0000000773a80000)
  to   space 17408K, 0% used [0x0000000771f80000,0x0000000771f80000,0x0000000773080000)
 ParOldGen       total 183808K, used 22860K [0x00000006c0000000, 0x00000006cb380000, 0x000000076ab00000)
  object space 183808K, 12% used [0x00000006c0000000,0x00000006c1653198,0x00000006cb380000)
 Metaspace       used 54325K, capacity 54734K, committed 55000K, reserved 1097728K
  class space    used 6780K, capacity 6873K, committed 6912K, reserved 1048576K
}

Deoptimization events (10 events):
Event: 30.282 Thread 0x00007fcedd299800 Uncommon trap: reason=unstable_if action=reinterpret pc=0x0000000107e3541c method=java.awt.image.DirectColorModel.getsRGBComponentFromsRGB(II)I @ 20
Event: 38.091 Thread 0x00007fcedd299800 Uncommon trap: reason=unstable_if action=reinterpret pc=0x0000000107eb9c40 method=javax.swing.RepaintManager.addDirtyRegion0(Ljava/awt/Container;IIII)V @ 19
Event: 38.139 Thread 0x00007fcedd299800 Uncommon trap: reason=unstable_if action=reinterpret pc=0x0000000107eb2ec4 method=javax.swing.RepaintManager.addDirtyRegion0(Ljava/awt/Container;IIII)V @ 7
Event: 42.083 Thread 0x00007fcee58cc000 Uncommon trap: reason=class_check action=maybe_recompile pc=0x000000010806765c method=sun.awt.image.ImageDecoder.setPixels(IIIILjava/awt/image/ColorModel;[III)I @ 44
Event: 46.320 Thread 0x00007fcedd299800 Uncommon trap: reason=unstable_if action=reinterpret pc=0x00000001079fd004 method=java.lang.StrictMath.floorOrCeil(DDDD)D @ 24
Event: 47.599 Thread 0x00007fcedd299800 Uncommon trap: reason=unstable_if action=reinterpret pc=0x00000001080ebea4 method=java.awt.Container.findComponentAtImpl(IIZ)Ljava/awt/Component; @ 131
Event: 48.432 Thread 0x00007fcee51ef000 Uncommon trap: reason=class_check action=maybe_recompile pc=0x000000010806765c method=sun.awt.image.ImageDecoder.setPixels(IIIILjava/awt/image/ColorModel;[III)I @ 44
Event: 48.432 Thread 0x00007fcee51ef000 Uncommon trap: reason=class_check action=maybe_recompile pc=0x000000010805a448 method=sun.awt.image.ImageDecoder.setPixels(IIIILjava/awt/image/ColorModel;[III)I @ 44
Event: 48.435 Thread 0x00007fcee51ef000 Uncommon trap: reason=class_check action=maybe_recompile pc=0x000000010806765c method=sun.awt.image.ImageDecoder.setPixels(IIIILjava/awt/image/ColorModel;[III)I @ 44
Event: 51.051 Thread 0x00007fcedd299800 Uncommon trap: reason=unstable_if action=reinterpret pc=0x0000000108097788 method=javax.swing.RepaintManager.addDirtyRegion0(Ljava/awt/Container;IIII)V @ 26

Internal exceptions (10 events):
Event: 38.315 Thread 0x00007fcee430b800 Exception <a 'java/io/FileNotFoundException'> (0x000000076f119c70) thrown at [/HUDSON3/workspace/8-2-build-macosx-x86_64/jdk8u73/6086/hotspot/src/share/vm/prims/jni.cpp, line 709]
Event: 38.372 Thread 0x00007fcee430b800 Exception <a 'java/io/FileNotFoundException'> (0x000000076f1224f8) thrown at [/HUDSON3/workspace/8-2-build-macosx-x86_64/jdk8u73/6086/hotspot/src/share/vm/prims/jni.cpp, line 709]
Event: 38.385 Thread 0x00007fcedd299800 Exception <a 'java/io/FileNotFoundException'> (0x00000007700f5f08) thrown at [/HUDSON3/workspace/8-2-build-macosx-x86_64/jdk8u73/6086/hotspot/src/share/vm/prims/jni.cpp, line 709]
Event: 38.386 Thread 0x00007fcedd299800 Exception <a 'java/io/FileNotFoundException'> (0x0000000770100170) thrown at [/HUDSON3/workspace/8-2-build-macosx-x86_64/jdk8u73/6086/hotspot/src/share/vm/prims/jni.cpp, line 709]
Event: 38.431 Thread 0x00007fcee430b800 Exception <a 'java/io/FileNotFoundException'> (0x000000076f12ad80) thrown at [/HUDSON3/workspace/8-2-build-macosx-x86_64/jdk8u73/6086/hotspot/src/share/vm/prims/jni.cpp, line 709]
Event: 38.498 Thread 0x00007fcee430b800 Exception <a 'java/io/FileNotFoundException'> (0x000000076ab5f8b8) thrown at [/HUDSON3/workspace/8-2-build-macosx-x86_64/jdk8u73/6086/hotspot/src/share/vm/prims/jni.cpp, line 709]
Event: 38.556 Thread 0x00007fcee430b800 Exception <a 'java/io/FileNotFoundException'> (0x000000076abbff90) thrown at [/HUDSON3/workspace/8-2-build-macosx-x86_64/jdk8u73/6086/hotspot/src/share/vm/prims/jni.cpp, line 709]
Event: 38.616 Thread 0x00007fcee430b800 Exception <a 'java/io/FileNotFoundException'> (0x000000076b2f8e10) thrown at [/HUDSON3/workspace/8-2-build-macosx-x86_64/jdk8u73/6086/hotspot/src/share/vm/prims/jni.cpp, line 709]
Event: 38.674 Thread 0x00007fcee430b800 Exception <a 'java/io/FileNotFoundException'> (0x000000076b3594e8) thrown at [/HUDSON3/workspace/8-2-build-macosx-x86_64/jdk8u73/6086/hotspot/src/share/vm/prims/jni.cpp, line 709]
Event: 38.733 Thread 0x00007fcee430b800 Exception <a 'java/io/FileNotFoundException'> (0x000000076b564ab0) thrown at [/HUDSON3/workspace/8-2-build-macosx-x86_64/jdk8u73/6086/hotspot/src/share/vm/prims/jni.cpp, line 709]

Events (10 events):
Event: 49.084 loading class sun/awt/geom/AreaOp$CAGOp
Event: 49.084 loading class sun/awt/geom/AreaOp$CAGOp done
Event: 49.084 loading class sun/awt/geom/AreaOp$IntOp done
Event: 49.089 loading class javax/swing/table/DefaultTableCellRenderer$UIResource
Event: 49.089 loading class javax/swing/table/DefaultTableCellRenderer$UIResource done
Event: 50.111 loading class java/awt/geom/Path2D$Float$TxIterator
Event: 50.111 loading class java/awt/geom/Path2D$Float$TxIterator done
Event: 51.051 Thread 0x00007fcedd299800 Uncommon trap: trap_request=0xffffff65 fr.pc=0x0000000108097788
Event: 51.051 Thread 0x00007fcedd299800 DEOPT PACKING pc=0x0000000108097788 sp=0x0000700001ffce70
Event: 51.051 Thread 0x00007fcedd299800 DEOPT UNPACKING pc=0x0000000107392229 sp=0x0000700001ffcda8 mode 2


Dynamic libraries:
0x000000000462c000 	/System/Library/Frameworks/Cocoa.framework/Versions/A/Cocoa
0x000000000462c000 	/System/Library/Frameworks/Security.framework/Versions/A/Security
0x000000000462c000 	/System/Library/Frameworks/ApplicationServices.framework/Versions/A/ApplicationServices
0x000000000462c000 	/usr/lib/libz.1.dylib
0x000000000462c000 	/usr/lib/libSystem.B.dylib
0x000000000462c000 	/usr/lib/libobjc.A.dylib
0x000000000462c000 	/System/Library/Frameworks/CoreFoundation.framework/Versions/A/CoreFoundation
0x000000000462c000 	/System/Library/Frameworks/Foundation.framework/Versions/C/Foundation
0x000000000462c000 	/System/Library/Frameworks/AppKit.framework/Versions/C/AppKit
0x000000000462c000 	/System/Library/Frameworks/CoreData.framework/Versions/A/CoreData
0x000000000462c000 	/System/Library/PrivateFrameworks/RemoteViewServices.framework/Versions/A/RemoteViewServices
0x000000000462c000 	/System/Library/PrivateFrameworks/UIFoundation.framework/Versions/A/UIFoundation
0x000000000462c000 	/usr/lib/libScreenReader.dylib
0x000000000462c000 	/System/Library/Frameworks/Accelerate.framework/Versions/A/Accelerate
0x000000000462c000 	/System/Library/Frameworks/IOSurface.framework/Versions/A/IOSurface
0x000000000462c000 	/System/Library/Frameworks/AudioToolbox.framework/Versions/A/AudioToolbox
0x000000000462c000 	/System/Library/Frameworks/AudioUnit.framework/Versions/A/AudioUnit
0x000000000462c000 	/System/Library/PrivateFrameworks/DataDetectorsCore.framework/Versions/A/DataDetectorsCore
0x000000000462c000 	/System/Library/PrivateFrameworks/DesktopServicesPriv.framework/Versions/A/DesktopServicesPriv
0x000000000462c000 	/System/Library/Frameworks/Carbon.framework/Versions/A/Frameworks/HIToolbox.framework/Versions/A/HIToolbox
0x000000000462c000 	/System/Library/Frameworks/QuartzCore.framework/Versions/A/QuartzCore
0x000000000462c000 	/System/Library/Frameworks/Carbon.framework/Versions/A/Frameworks/SpeechRecognition.framework/Versions/A/SpeechRecognition
0x000000000462c000 	/usr/lib/libauto.dylib
0x000000000462c000 	/usr/lib/libicucore.A.dylib
0x000000000462c000 	/usr/lib/libxml2.2.dylib
0x000000000462c000 	/System/Library/PrivateFrameworks/CoreUI.framework/Versions/A/CoreUI
0x000000000462c000 	/System/Library/Frameworks/CoreAudio.framework/Versions/A/CoreAudio
0x000000000462c000 	/System/Library/Frameworks/DiskArbitration.framework/Versions/A/DiskArbitration
0x000000000462c000 	/usr/lib/liblangid.dylib
0x000000000462c000 	/System/Library/PrivateFrameworks/MultitouchSupport.framework/Versions/A/MultitouchSupport
0x000000000462c000 	/System/Library/Frameworks/IOKit.framework/Versions/A/IOKit
0x000000000462c000 	/usr/lib/libDiagnosticMessagesClient.dylib
0x000000000462c000 	/System/Library/Frameworks/CoreServices.framework/Versions/A/CoreServices
0x000000000462c000 	/System/Library/PrivateFrameworks/PerformanceAnalysis.framework/Versions/A/PerformanceAnalysis
0x000000000462c000 	/System/Library/PrivateFrameworks/GenerationalStorage.framework/Versions/A/GenerationalStorage
0x000000000462c000 	/System/Library/Frameworks/OpenGL.framework/Versions/A/OpenGL
0x000000000462c000 	/System/Library/PrivateFrameworks/Sharing.framework/Versions/A/Sharing
0x000000000462c000 	/System/Library/Frameworks/CoreGraphics.framework/Versions/A/CoreGraphics
0x000000000462c000 	/System/Library/Frameworks/CoreImage.framework/Versions/A/CoreImage
0x000000000462c000 	/System/Library/Frameworks/CoreText.framework/Versions/A/CoreText
0x000000000462c000 	/System/Library/Frameworks/ImageIO.framework/Versions/A/ImageIO
0x000000000462c000 	/System/Library/PrivateFrameworks/Backup.framework/Versions/A/Backup
0x000000000462c000 	/usr/lib/libextension.dylib
0x000000000462c000 	/usr/lib/libarchive.2.dylib
0x000000000462c000 	/System/Library/Frameworks/CFNetwork.framework/Versions/A/CFNetwork
0x000000000462c000 	/System/Library/Frameworks/SystemConfiguration.framework/Versions/A/SystemConfiguration
0x000000000462c000 	/usr/lib/libCRFSuite.dylib
0x000000000462c000 	/usr/lib/libc++.1.dylib
0x000000000462c000 	/usr/lib/libc++abi.dylib
0x000000000462c000 	/usr/lib/system/libcache.dylib
0x000000000462c000 	/usr/lib/system/libcommonCrypto.dylib
0x000000000462c000 	/usr/lib/system/libcompiler_rt.dylib
0x000000000462c000 	/usr/lib/system/libcopyfile.dylib
0x000000000462c000 	/usr/lib/system/libcorecrypto.dylib
0x000000000462c000 	/usr/lib/system/libdispatch.dylib
0x000000000462c000 	/usr/lib/system/libdyld.dylib
0x000000000462c000 	/usr/lib/system/libkeymgr.dylib
0x000000000462c000 	/usr/lib/system/liblaunch.dylib
0x000000000462c000 	/usr/lib/system/libmacho.dylib
0x000000000462c000 	/usr/lib/system/libquarantine.dylib
0x000000000462c000 	/usr/lib/system/libremovefile.dylib
0x000000000462c000 	/usr/lib/system/libsystem_asl.dylib
0x000000000462c000 	/usr/lib/system/libsystem_blocks.dylib
0x000000000462c000 	/usr/lib/system/libsystem_c.dylib
0x000000000462c000 	/usr/lib/system/libsystem_configuration.dylib
0x000000000462c000 	/usr/lib/system/libsystem_coreservices.dylib
0x000000000462c000 	/usr/lib/system/libsystem_coretls.dylib
0x000000000462c000 	/usr/lib/system/libsystem_dnssd.dylib
0x000000000462c000 	/usr/lib/system/libsystem_info.dylib
0x000000000462c000 	/usr/lib/system/libsystem_kernel.dylib
0x000000000462c000 	/usr/lib/system/libsystem_m.dylib
0x000000000462c000 	/usr/lib/system/libsystem_malloc.dylib
0x000000000462c000 	/usr/lib/system/libsystem_network.dylib
0x000000000462c000 	/usr/lib/system/libsystem_networkextension.dylib
0x000000000462c000 	/usr/lib/system/libsystem_notify.dylib
0x000000000462c000 	/usr/lib/system/libsystem_platform.dylib
0x000000000462c000 	/usr/lib/system/libsystem_pthread.dylib
0x000000000462c000 	/usr/lib/system/libsystem_sandbox.dylib
0x000000000462c000 	/usr/lib/system/libsystem_secinit.dylib
0x000000000462c000 	/usr/lib/system/libsystem_trace.dylib
0x000000000462c000 	/usr/lib/system/libunc.dylib
0x000000000462c000 	/usr/lib/system/libunwind.dylib
0x000000000462c000 	/usr/lib/system/libxpc.dylib
0x000000000462c000 	/usr/lib/libenergytrace.dylib
0x000000000462c000 	/usr/lib/libbsm.0.dylib
0x000000000462c000 	/usr/lib/system/libkxld.dylib
0x000000000462c000 	/usr/lib/libxar.1.dylib
0x000000000462c000 	/usr/lib/libsqlite3.dylib
0x000000000462c000 	/usr/lib/libpam.2.dylib
0x000000000462c000 	/usr/lib/libOpenScriptingUtil.dylib
0x000000000462c000 	/usr/lib/libbz2.1.0.dylib
0x000000000462c000 	/usr/lib/liblzma.5.dylib
0x000000000462c000 	/System/Library/Frameworks/CoreServices.framework/Versions/A/Frameworks/FSEvents.framework/Versions/A/FSEvents
0x000000000462c000 	/System/Library/Frameworks/CoreServices.framework/Versions/A/Frameworks/CarbonCore.framework/Versions/A/CarbonCore
0x000000000462c000 	/System/Library/Frameworks/CoreServices.framework/Versions/A/Frameworks/Metadata.framework/Versions/A/Metadata
0x000000000462c000 	/System/Library/Frameworks/CoreServices.framework/Versions/A/Frameworks/OSServices.framework/Versions/A/OSServices
0x000000000462c000 	/System/Library/Frameworks/CoreServices.framework/Versions/A/Frameworks/SearchKit.framework/Versions/A/SearchKit
0x000000000462c000 	/System/Library/Frameworks/CoreServices.framework/Versions/A/Frameworks/AE.framework/Versions/A/AE
0x000000000462c000 	/System/Library/Frameworks/CoreServices.framework/Versions/A/Frameworks/LaunchServices.framework/Versions/A/LaunchServices
0x000000000462c000 	/System/Library/Frameworks/CoreServices.framework/Versions/A/Frameworks/DictionaryServices.framework/Versions/A/DictionaryServices
0x000000000462c000 	/System/Library/Frameworks/CoreServices.framework/Versions/A/Frameworks/SharedFileList.framework/Versions/A/SharedFileList
0x000000000462c000 	/System/Library/Frameworks/NetFS.framework/Versions/A/NetFS
0x000000000462c000 	/System/Library/PrivateFrameworks/NetAuth.framework/Versions/A/NetAuth
0x000000000462c000 	/System/Library/PrivateFrameworks/login.framework/Versions/A/Frameworks/loginsupport.framework/Versions/A/loginsupport
0x000000000462c000 	/System/Library/PrivateFrameworks/TCC.framework/Versions/A/TCC
0x000000000462c000 	/usr/lib/libmecabra.dylib
0x000000000462c000 	/System/Library/Frameworks/ApplicationServices.framework/Versions/A/Frameworks/ATS.framework/Versions/A/ATS
0x000000000462c000 	/System/Library/Frameworks/ApplicationServices.framework/Versions/A/Frameworks/ColorSync.framework/Versions/A/ColorSync
0x000000000462c000 	/System/Library/Frameworks/ApplicationServices.framework/Versions/A/Frameworks/HIServices.framework/Versions/A/HIServices
0x000000000462c000 	/System/Library/Frameworks/ApplicationServices.framework/Versions/A/Frameworks/LangAnalysis.framework/Versions/A/LangAnalysis
0x000000000462c000 	/System/Library/Frameworks/ApplicationServices.framework/Versions/A/Frameworks/PrintCore.framework/Versions/A/PrintCore
0x000000000462c000 	/System/Library/Frameworks/ApplicationServices.framework/Versions/A/Frameworks/QD.framework/Versions/A/QD
0x000000000462c000 	/System/Library/Frameworks/ApplicationServices.framework/Versions/A/Frameworks/SpeechSynthesis.framework/Versions/A/SpeechSynthesis
0x000000000462c000 	/System/Library/Frameworks/Metal.framework/Versions/A/Metal
0x000000000462c000 	/System/Library/Frameworks/Accelerate.framework/Versions/A/Frameworks/vImage.framework/Versions/A/vImage
0x000000000462c000 	/System/Library/Frameworks/Accelerate.framework/Versions/A/Frameworks/vecLib.framework/Versions/A/vecLib
0x000000000462c000 	/System/Library/Frameworks/Accelerate.framework/Versions/A/Frameworks/vecLib.framework/Versions/A/libvDSP.dylib
0x000000000462c000 	/System/Library/Frameworks/Accelerate.framework/Versions/A/Frameworks/vecLib.framework/Versions/A/libvMisc.dylib
0x000000000462c000 	/System/Library/Frameworks/Accelerate.framework/Versions/A/Frameworks/vecLib.framework/Versions/A/libLAPACK.dylib
0x000000000462c000 	/System/Library/Frameworks/Accelerate.framework/Versions/A/Frameworks/vecLib.framework/Versions/A/libBLAS.dylib
0x000000000462c000 	/System/Library/Frameworks/Accelerate.framework/Versions/A/Frameworks/vecLib.framework/Versions/A/libLinearAlgebra.dylib
0x000000000462c000 	/System/Library/Frameworks/Accelerate.framework/Versions/A/Frameworks/vecLib.framework/Versions/A/libSparseBLAS.dylib
0x000000000462c000 	/System/Library/PrivateFrameworks/GPUCompiler.framework/libmetal_timestamp.dylib
0x000000000462c000 	/System/Library/Frameworks/OpenGL.framework/Versions/A/Libraries/libCoreFSCache.dylib
0x000000000462c000 	/System/Library/PrivateFrameworks/IOAccelerator.framework/Versions/A/IOAccelerator
0x000000000462c000 	/System/Library/Frameworks/ApplicationServices.framework/Versions/A/Frameworks/ATS.framework/Versions/A/Resources/libFontParser.dylib
0x000000000462c000 	/System/Library/Frameworks/ApplicationServices.framework/Versions/A/Frameworks/ATS.framework/Versions/A/Resources/libFontRegistry.dylib
0x000000000462c000 	/System/Library/PrivateFrameworks/AppleVPA.framework/Versions/A/AppleVPA
0x000000000462c000 	/System/Library/PrivateFrameworks/AppleJPEG.framework/Versions/A/AppleJPEG
0x000000000462c000 	/System/Library/Frameworks/ImageIO.framework/Versions/A/Resources/libJPEG.dylib
0x000000000462c000 	/System/Library/Frameworks/ImageIO.framework/Versions/A/Resources/libTIFF.dylib
0x000000000462c000 	/System/Library/Frameworks/ImageIO.framework/Versions/A/Resources/libPng.dylib
0x000000000462c000 	/System/Library/Frameworks/ImageIO.framework/Versions/A/Resources/libGIF.dylib
0x000000000462c000 	/System/Library/Frameworks/ImageIO.framework/Versions/A/Resources/libJP2.dylib
0x000000000462c000 	/System/Library/Frameworks/ImageIO.framework/Versions/A/Resources/libRadiance.dylib
0x000000000462c000 	/System/Library/Frameworks/CoreVideo.framework/Versions/A/CoreVideo
0x000000000462c000 	/System/Library/Frameworks/OpenGL.framework/Versions/A/Libraries/libGLU.dylib
0x000000000462c000 	/System/Library/Frameworks/OpenGL.framework/Versions/A/Libraries/libGFXShared.dylib
0x000000000462c000 	/System/Library/Frameworks/OpenGL.framework/Versions/A/Libraries/libGL.dylib
0x000000000462c000 	/System/Library/Frameworks/OpenGL.framework/Versions/A/Libraries/libGLImage.dylib
0x000000000462c000 	/System/Library/Frameworks/OpenGL.framework/Versions/A/Libraries/libCVMSPluginSupport.dylib
0x000000000462c000 	/System/Library/Frameworks/OpenGL.framework/Versions/A/Libraries/libCoreVMClient.dylib
0x000000000462c000 	/usr/lib/libcups.2.dylib
0x000000000462c000 	/System/Library/Frameworks/Kerberos.framework/Versions/A/Kerberos
0x000000000462c000 	/System/Library/Frameworks/GSS.framework/Versions/A/GSS
0x000000000462c000 	/usr/lib/libresolv.9.dylib
0x000000000462c000 	/usr/lib/libiconv.2.dylib
0x000000000462c000 	/System/Library/PrivateFrameworks/Heimdal.framework/Versions/A/Heimdal
0x000000000462c000 	/usr/lib/libheimdal-asn1.dylib
0x000000000462c000 	/System/Library/Frameworks/OpenDirectory.framework/Versions/A/OpenDirectory
0x000000000462c000 	/System/Library/PrivateFrameworks/CommonAuth.framework/Versions/A/CommonAuth
0x000000000462c000 	/System/Library/Frameworks/OpenDirectory.framework/Versions/A/Frameworks/CFOpenDirectory.framework/Versions/A/CFOpenDirectory
0x000000000462c000 	/System/Library/Frameworks/SecurityFoundation.framework/Versions/A/SecurityFoundation
0x000000000462c000 	/System/Library/PrivateFrameworks/LanguageModeling.framework/Versions/A/LanguageModeling
0x000000000462c000 	/usr/lib/libmarisa.dylib
0x000000000462c000 	/usr/lib/libChineseTokenizer.dylib
0x000000000462c000 	/usr/lib/libcmph.dylib
0x000000000462c000 	/usr/lib/libcompression.dylib
0x000000000462c000 	/System/Library/Frameworks/ServiceManagement.framework/Versions/A/ServiceManagement
0x000000000462c000 	/usr/lib/libxslt.1.dylib
0x000000000462c000 	/System/Library/Frameworks/Carbon.framework/Versions/A/Frameworks/Ink.framework/Versions/A/Ink
0x000000000462c000 	/usr/lib/libFosl_dynamic.dylib
0x000000000462c000 	/System/Library/PrivateFrameworks/FaceCore.framework/Versions/A/FaceCore
0x000000000462c000 	/System/Library/Frameworks/OpenCL.framework/Versions/A/OpenCL
0x000000000462c000 	/System/Library/PrivateFrameworks/CrashReporterSupport.framework/Versions/A/CrashReporterSupport
0x000000000462c000 	/System/Library/PrivateFrameworks/IconServices.framework/Versions/A/IconServices
0x000000000462c000 	/System/Library/PrivateFrameworks/Apple80211.framework/Versions/A/Apple80211
0x000000000462c000 	/System/Library/Frameworks/CoreWLAN.framework/Versions/A/CoreWLAN
0x000000000462c000 	/System/Library/Frameworks/IOBluetooth.framework/Versions/A/IOBluetooth
0x000000000462c000 	/System/Library/PrivateFrameworks/CoreWiFi.framework/Versions/A/CoreWiFi
0x000000000462c000 	/System/Library/Frameworks/CoreBluetooth.framework/Versions/A/CoreBluetooth
0x000000000462c000 	/System/Library/PrivateFrameworks/ChunkingLibrary.framework/Versions/A/ChunkingLibrary
0x000000000462c000 	/System/Library/PrivateFrameworks/DebugSymbols.framework/Versions/A/DebugSymbols
0x000000000462c000 	/System/Library/PrivateFrameworks/CoreSymbolication.framework/Versions/A/CoreSymbolication
0x000000000462c000 	/System/Library/PrivateFrameworks/Symbolication.framework/Versions/A/Symbolication
0x000000000462c000 	/System/Library/PrivateFrameworks/SpeechRecognitionCore.framework/Versions/A/SpeechRecognitionCore
0x0000000106400000 	/Library/Java/JavaVirtualMachines/jdk1.8.0_73.jdk/Contents/Home/jre/lib/server/libjvm.dylib
0x000000000462c000 	/usr/lib/libstdc++.6.dylib
0x00000001052ae000 	/Library/Java/JavaVirtualMachines/jdk1.8.0_73.jdk/Contents/Home/jre/lib/libverify.dylib
0x00000001052bc000 	/Library/Java/JavaVirtualMachines/jdk1.8.0_73.jdk/Contents/Home/jre/lib/libjava.dylib
0x00000001052f2000 	/Library/Java/JavaVirtualMachines/jdk1.8.0_73.jdk/Contents/Home/jre/lib/libjdwp.dylib
0x000000010533d000 	/Library/Java/JavaVirtualMachines/jdk1.8.0_73.jdk/Contents/Home/jre/lib/libnpt.dylib
0x000000010534a000 	/Library/Java/JavaVirtualMachines/jdk1.8.0_73.jdk/Contents/Home/jre/lib/libzip.dylib
0x00000001223aa000 	/System/Library/Frameworks/JavaVM.framework/Frameworks/JavaRuntimeSupport.framework/JavaRuntimeSupport
0x00000001223c5000 	/System/Library/Frameworks/JavaVM.framework/Versions/A/Frameworks/JavaNativeFoundation.framework/Versions/A/JavaNativeFoundation
0x00000001053ec000 	/System/Library/Frameworks/JavaVM.framework/Versions/A/JavaVM
0x000000000462c000 	/System/Library/Frameworks/Carbon.framework/Versions/A/Carbon
0x00000001223da000 	/System/Library/PrivateFrameworks/JavaLaunching.framework/Versions/A/JavaLaunching
0x000000000462c000 	/System/Library/Frameworks/Carbon.framework/Versions/A/Frameworks/CommonPanels.framework/Versions/A/CommonPanels
0x000000000462c000 	/System/Library/Frameworks/Carbon.framework/Versions/A/Frameworks/Help.framework/Versions/A/Help
0x000000000462c000 	/System/Library/Frameworks/Carbon.framework/Versions/A/Frameworks/ImageCapture.framework/Versions/A/ImageCapture
0x000000000462c000 	/System/Library/Frameworks/Carbon.framework/Versions/A/Frameworks/OpenScripting.framework/Versions/A/OpenScripting
0x000000000462c000 	/System/Library/Frameworks/Carbon.framework/Versions/A/Frameworks/Print.framework/Versions/A/Print
0x000000000462c000 	/System/Library/Frameworks/Carbon.framework/Versions/A/Frameworks/SecurityHI.framework/Versions/A/SecurityHI
0x0000000123cf7000 	/Library/Java/JavaVirtualMachines/jdk1.8.0_73.jdk/Contents/Home/jre/lib/libdt_socket.dylib
0x0000000124333000 	/Library/Java/JavaVirtualMachines/jdk1.8.0_73.jdk/Contents/Home/jre/lib/libawt.dylib
0x00000001243db000 	/Library/Java/JavaVirtualMachines/jdk1.8.0_73.jdk/Contents/Home/jre/lib/./libmlib_image.dylib
0x00000001244a7000 	/Library/Java/JavaVirtualMachines/jdk1.8.0_73.jdk/Contents/Home/jre/lib/libawt_lwawt.dylib
0x000000012455c000 	/Library/Java/JavaVirtualMachines/jdk1.8.0_73.jdk/Contents/Home/jre/lib/./libosxapp.dylib
0x000000000462c000 	/System/Library/Frameworks/ExceptionHandling.framework/Versions/A/ExceptionHandling
0x000000000462c000 	/System/Library/PrivateFrameworks/CoreServicesInternal.framework/Versions/A/CoreServicesInternal
0x000000000462c000 	/System/Library/Frameworks/CoreGraphics.framework/Versions/A/Resources/libRIP.A.dylib
0x000000000462c000 	/System/Library/Frameworks/Accelerate.framework/Versions/A/Frameworks/vImage.framework/Versions/A/Libraries/libCGInterfaces.dylib
0x000000000462c000 	/System/Library/Frameworks/CoreGraphics.framework/Versions/A/Resources/libCGXType.A.dylib
0x000000000462c000 	/System/Library/Frameworks/OpenCL.framework/Versions/A/Libraries/libcldcpuengine.dylib
0x000000000462c000 	/System/Library/PrivateFrameworks/DiskImages.framework/Versions/A/DiskImages
0x000000000462c000 	/System/Library/Frameworks/DiscRecording.framework/Versions/A/DiscRecording
0x000000000462c000 	/usr/lib/libcsfde.dylib
0x000000000462c000 	/usr/lib/libcurl.4.dylib
0x000000000462c000 	/System/Library/PrivateFrameworks/MediaKit.framework/Versions/A/MediaKit
0x000000000462c000 	/System/Library/PrivateFrameworks/ProtectedCloudStorage.framework/Versions/A/ProtectedCloudStorage
0x000000000462c000 	/usr/lib/libCoreStorage.dylib
0x000000000462c000 	/System/Library/PrivateFrameworks/EFILogin.framework/Versions/A/EFILogin
0x000000000462c000 	/usr/lib/libutil.dylib
0x000000000462c000 	/System/Library/PrivateFrameworks/FindMyDevice.framework/Versions/A/FindMyDevice
0x000000000462c000 	/System/Library/Frameworks/LDAP.framework/Versions/A/LDAP
0x000000000462c000 	/usr/lib/libsasl2.2.dylib
0x000000000462c000 	/System/Library/PrivateFrameworks/CoreDaemon.framework/Versions/B/CoreDaemon
0x000000000462c000 	/usr/lib/libcrypto.0.9.8.dylib
0x000000000462c000 	/System/Library/PrivateFrameworks/AppleSRP.framework/Versions/A/AppleSRP
0x000000000462c000 	/System/Library/PrivateFrameworks/TrustEvaluationAgent.framework/Versions/A/TrustEvaluationAgent
0x0000000124f36000 	cl_kernels
0x000000000462c000 	/System/Library/Frameworks/OpenCL.framework/Versions/A/Libraries/ImageFormats/unorm8_bgra.dylib
0x000000000462c000 	/System/Library/Frameworks/OpenCL.framework/Versions/A/Libraries/ImageFormats/unorm8_rgba.dylib
0x000000000462c000 	/System/Library/PrivateFrameworks/FamilyControls.framework/Versions/A/FamilyControls
0x000000000462c000 	/System/Library/PrivateFrameworks/CommerceKit.framework/Versions/A/Frameworks/CommerceCore.framework/Versions/A/CommerceCore
0x000000000462c000 	/System/Library/PrivateFrameworks/SystemAdministration.framework/Versions/A/SystemAdministration
0x000000000462c000 	/System/Library/PrivateFrameworks/AppContainer.framework/Versions/A/AppContainer
0x000000000462c000 	/System/Library/PrivateFrameworks/SecCodeWrapper.framework/Versions/A/SecCodeWrapper
0x000000000462c000 	/System/Library/Frameworks/DirectoryService.framework/Versions/A/DirectoryService
0x000000000462c000 	/System/Library/PrivateFrameworks/LoginUIKit.framework/Versions/A/Frameworks/LoginUICore.framework/Versions/A/LoginUICore
0x000000000462c000 	/usr/lib/libodfde.dylib
0x0000000127156000 	/Library/Java/JavaVirtualMachines/jdk1.8.0_73.jdk/Contents/Home/jre/lib/libfontmanager.dylib
0x0000000124e0e000 	/Library/Java/JavaVirtualMachines/jdk1.8.0_73.jdk/Contents/Home/jre/lib/libosxui.dylib
0x000000000462c000 	/System/Library/Frameworks/OpenGL.framework/Versions/A/Resources/GLEngine.bundle/GLEngine
0x000000000462c000 	/System/Library/Frameworks/OpenGL.framework/Versions/A/Libraries/libGLProgrammability.dylib
0x0000000127e0f000 	/System/Library/Extensions/AppleIntelHD5000GraphicsGLDriver.bundle/Contents/MacOS/AppleIntelHD5000GraphicsGLDriver
0x000000000462c000 	/System/Library/PrivateFrameworks/GPUSupport.framework/Versions/A/Libraries/libGPUSupportMercury.dylib
0x000000000462c000 	/System/Library/Extensions/GeForceGLDriver.bundle/Contents/MacOS/GeForceGLDriver
0x000000000462c000 	/System/Library/Extensions/GeForceGLDriver.bundle/Contents/MacOS/libclh.dylib
0x000000000462c000 	/System/Library/Frameworks/OpenGL.framework/Versions/A/Resources/GLRendererFloat.bundle/GLRendererFloat
0x00000001242b6000 	/Library/Java/JavaVirtualMachines/jdk1.8.0_73.jdk/Contents/Home/jre/lib/libnet.dylib
0x00000001242d5000 	/Library/Java/JavaVirtualMachines/jdk1.8.0_73.jdk/Contents/Home/jre/lib/libmanagement.dylib
0x0000000124ca5000 	/Library/Java/JavaVirtualMachines/jdk1.8.0_73.jdk/Contents/Home/jre/lib/libnio.dylib
0x000000000462c000 	/System/Library/Frameworks/ApplicationServices.framework/Versions/A/Frameworks/ATS.framework/Versions/A/Resources/libTrueTypeScaler.dylib
0x000000017e39c000 	/System/Library/Extensions/GeForceMTLDriver.bundle/Contents/MacOS/GeForceMTLDriver
0x000000017e44c000 	/System/Library/Extensions/AppleIntelHD5000GraphicsMTLDriver.bundle/Contents/MacOS/AppleIntelHD5000GraphicsMTLDriver
0x000000012931f000 	/Library/Java/JavaVirtualMachines/jdk1.8.0_73.jdk/Contents/Home/jre/lib/libdcpr.dylib

VM Arguments:
jvm_args: -Xdebug -Xrunjdwp:transport=dt_socket,address=localhost:55160 -Dfile.encoding=UTF-8 -Dactivejdbc.log 
java_command: ar.com.bosoft.formularios.Principal
java_class_path (initial): /Applications/NetBeans/NetBeans 8.1.app/Contents/Resources/NetBeans/java/modules/ext/AbsoluteLayout.jar:/Applications/NetBeans/NetBeans 8.1.app/Contents/Resources/NetBeans/ide/modules/ext/mysql-connector-java-5.1.23-bin.jar:/Applications/NetBeans/NetBeans 8.1.app/Contents/Resources/NetBeans/java/modules/ext/eclipselink/eclipselink.jar:/Applications/NetBeans/NetBeans 8.1.app/Contents/Resources/NetBeans/java/modules/ext/eclipselink/javax.persistence_2.1.0.v201304241213.jar:/Applications/NetBeans/NetBeans 8.1.app/Contents/Resources/NetBeans/java/modules/ext/eclipselink/org.eclipse.persistence.jpa.jpql_2.5.2.v20140319-9ad6abd.jar:/Users/tinchogava/Desktop/matera/lib/AbsoluteLayout.jar:/Users/tinchogava/Desktop/matera/lib/activejdbc-1.4.11.jar:/Users/tinchogava/Desktop/matera/lib/barbecue-1.5-beta1.jar:/Users/tinchogava/Desktop/matera/lib/commons-codec-1.10.jar:/Users/tinchogava/Desktop/matera/lib/commons-collections-3.2.1.jar:/Users/tinchogava/Desktop/matera/lib/commons-dbcp2-2.1.1.jar:/Users/tinchogava/Desktop/matera/lib/commons-digester-2.1.jar:/Users/tinchogava/Desktop/matera/lib/commons-lang-2.6.jar:/Users/tinchogava/Desktop/matera/lib/commons-lang3-3.4.jar:/Users/tinchogava/Desktop/matera/lib/commons-logging-1.2.jar:/Users/tinchogava/Desktop/matera/lib/commons-pool2-2.4.2.jar:/Users/tinchogava/Desktop/matera/lib/eclipselink.jar:/Users/tinchogava/Desktop/matera/lib/groovy-all.jar:/Users/tinchogava/Desktop/matera/lib/guava-19.0.jar:/Users/tinchogava/Desktop/matera/lib/itext-2.1.7.jar:/Users/tinchogava/Desktop/matera/lib/itextpdf-5.5.7.jar:/Users/tinchogava/Desktop/matera/lib/jasperreports-6.2.0.jar:/Users/tinchogava/Desktop/matera/lib/javalite-common-1.4.11.jar:/Users/tinchogava/Desktop/matera/lib/javax.mail.jar:/Users/tinchogava/Desktop/matera/lib/javax.persistence_2.1.0.v201304241213.jar:/Users/tinchogava/Desktop/matera/lib/jcalendar-1.4.jar:/Users/tinchogava/Desktop/matera/lib/jdom-2.0.6.jar:/Users/tinchogava/Desktop/matera/lib/jooq-3.
Launcher Type: SUN_STANDARD

Environment Variables:
PATH=/usr/bin:/bin:/usr/sbin:/sbin
LD_LIBRARY_PATH=/Library/Java/JavaVirtualMachines/jdk1.8.0_73.jdk/Contents/Home/jre/lib/amd64:/Library/Java/JavaVirtualMachines/jdk1.8.0_73.jdk/Contents/Home/jre/lib/i386:
SHELL=/bin/bash

Signal Handlers:
SIGSEGV: [libjvm.dylib+0x5a71a5], sa_mask[0]=11111111011111110111111111111111, sa_flags=SA_ONSTACK|SA_RESTART|SA_SIGINFO
SIGBUS: [libjvm.dylib+0x5a71a5], sa_mask[0]=11111111011111110111111111111111, sa_flags=SA_RESTART|SA_SIGINFO
SIGFPE: [libjvm.dylib+0x480eb4], sa_mask[0]=11111111011111110111111111111111, sa_flags=SA_RESTART|SA_SIGINFO
SIGPIPE: [libjvm.dylib+0x480eb4], sa_mask[0]=11111111011111110111111111111111, sa_flags=SA_RESTART|SA_SIGINFO
SIGXFSZ: [libjvm.dylib+0x480eb4], sa_mask[0]=11111111011111110111111111111111, sa_flags=SA_RESTART|SA_SIGINFO
SIGILL: [libjvm.dylib+0x480eb4], sa_mask[0]=11111111011111110111111111111111, sa_flags=SA_RESTART|SA_SIGINFO
SIGUSR1: SIG_DFL, sa_mask[0]=00000000000000000000000000000000, sa_flags=none
SIGUSR2: [libjvm.dylib+0x4809d2], sa_mask[0]=00100000000000000000000000000000, sa_flags=SA_RESTART|SA_SIGINFO
SIGHUP: [libjvm.dylib+0x47efa9], sa_mask[0]=11111111011111110111111111111111, sa_flags=SA_RESTART|SA_SIGINFO
SIGINT: SIG_IGN, sa_mask[0]=00000000000000000000000000000000, sa_flags=none
SIGTERM: [libjvm.dylib+0x47efa9], sa_mask[0]=11111111011111110111111111111111, sa_flags=SA_RESTART|SA_SIGINFO
SIGQUIT: [libjvm.dylib+0x47efa9], sa_mask[0]=11111111011111110111111111111111, sa_flags=SA_RESTART|SA_SIGINFO


---------------  S Y S T E M  ---------------

OS:Bsduname:Darwin 15.3.0 Darwin Kernel Version 15.3.0: Thu Dec 10 18:40:58 PST 2015; root:xnu-3248.30.4~1/RELEASE_X86_64 x86_64
rlimit: STACK 8192k, CORE 0k, NPROC 709, NOFILE 10240, AS infinity
load average:1.69 1.68 1.65

CPU:total 8 (4 cores per cpu, 2 threads per core) family 6 model 70 stepping 1, cmov, cx8, fxsr, mmx, sse, sse2, sse3, ssse3, sse4.1, sse4.2, popcnt, avx, avx2, aes, clmul, erms, rtm, lzcnt, ht, tsc, tscinvbit, bmi1, bmi2

Memory: 4k page, physical 16777216k(456076k free)

/proc/meminfo:


vm_info: Java HotSpot(TM) 64-Bit Server VM (25.73-b02) for bsd-amd64 JRE (1.8.0_73-b02), built on Jan 29 2016 15:02:00 by "java_re" with gcc 4.2.1 (Based on Apple Inc. build 5658) (LLVM build 2336.11.00)

time: Mon Aug 29 19:08:11 2016
elapsed time: 51 seconds (0d 0h 0m 51s)

